mode: set
github.com/deveshkakad/bookings-app/cmd/web/main.go:23.13,25.16 2 0
github.com/deveshkakad/bookings-app/cmd/web/main.go:25.16,27.3 1 0
github.com/deveshkakad/bookings-app/cmd/web/main.go:29.2,37.16 4 0
github.com/deveshkakad/bookings-app/cmd/web/main.go:37.16,39.3 1 0
github.com/deveshkakad/bookings-app/cmd/web/main.go:42.18,57.16 10 1
github.com/deveshkakad/bookings-app/cmd/web/main.go:57.16,60.3 2 0
github.com/deveshkakad/bookings-app/cmd/web/main.go:62.2,69.12 6 1
github.com/deveshkakad/bookings-app/cmd/web/middleware.go:9.45,19.2 3 1
github.com/deveshkakad/bookings-app/cmd/web/middleware.go:22.50,24.2 1 1
github.com/deveshkakad/bookings-app/cmd/web/routes.go:12.49,38.2 18 1
